2025-08-31 21:15:24,897 - INFO - Klappen fahren auf
2025-08-31 21:15:24,900 - INFO - Klappen fahren auf
2025-08-31 21:15:24,902 - WARNING - Motorsteuerung gestoppt: Globaler Fehlerzustand aktiv!
2025-08-31 21:15:24,902 - INFO - Klappen fahren zu
2025-08-31 21:15:24,904 - INFO - Klappen fahren zu
2025-08-31 21:15:24,905 - WARNING - Motorsteuerung gestoppt: Globaler Fehlerzustand aktiv!
2025-08-31 21:15:24,907 - INFO - Pakettür Zusteller geschlossen
2025-08-31 21:15:24,907 - INFO - Türe Paketzusteller wurde geschlossen.
2025-08-31 21:15:24,908 - INFO - Türe Paketzusteller wurde verriegelt.
2025-08-31 21:15:24,908 - INFO - Starte Öffnen der Klappen...
2025-08-31 21:15:24,908 - INFO - Klappen fahren auf
2025-08-31 21:15:24,911 - INFO - Entleerungsklappe links ist geschlossen
2025-08-31 21:15:24,914 - INFO - Entleerungsklappe links ist geöffnet
2025-08-31 21:15:24,914 - INFO - Die Türe zum Briefe entnehmen wurde geöffnet
2025-08-31 21:15:24,915 - INFO - Der Briefkasten wurde geöffnet
2025-08-31 21:15:24,916 - INFO - Die Tür zur Paketentnahme wurde geöffnet
2025-08-31 21:15:24,917 - INFO - Entleerungsklappe rechts ist geschlossen
2025-08-31 21:15:24,919 - INFO - Entleerungsklappe rechts ist geöffnet
2025-08-31 21:15:24,919 - INFO - Türe Paketzusteller wurde verriegelt.
2025-08-31 21:15:24,920 - INFO - Türe Paketzusteller wurde entriegelt.
2025-08-31 21:15:24,922 - INFO - Klappen fahren auf
2025-08-31 21:15:24,924 - INFO - Entleerungsklappe links ist geschlossen
2025-08-31 21:15:24,924 - INFO - Entleerungsklappe links ist geöffnet
2025-08-31 21:15:24,924 - INFO - Entleerungsklappe rechts ist geschlossen
2025-08-31 21:15:24,925 - INFO - Entleerungsklappe rechts ist geöffnet
2025-08-31 21:15:24,925 - INFO - Türe Paketzusteller wurde entriegelt.
2025-08-31 21:15:24,925 - INFO - Türe Paketzusteller wurde verriegelt.
2025-08-31 21:16:30,922 - ERROR - Fehler: Klappen nicht offen nach Öffnungsversuch!
2025-08-31 21:16:30,922 - ERROR - Status: Links=OPEN, Rechts=CLOSED
